Performing C SOURCE FILE Test C_BUILD_SHOULD_FAIL failed with the following output:
Change Dir: /home/eli/documents/oss-repo-template/labs/lab-07/build/Tests/TryCompile/CMakeFiles/CMakeTmp

Run Build Command(s):/usr/bin/make -f Makefile cmTC_57bd7/fast && /usr/bin/make  -f CMakeFiles/cmTC_57bd7.dir/build.make CMakeFiles/cmTC_57bd7.dir/build
make[1]: Entering directory '/home/eli/documents/oss-repo-template/labs/lab-07/build/Tests/TryCompile/CMakeFiles/CMakeTmp'
Building C object CMakeFiles/cmTC_57bd7.dir/src.c.o
/usr/bin/cc -DC_BUILD_SHOULD_FAIL   -o CMakeFiles/cmTC_57bd7.dir/src.c.o -c /home/eli/documents/oss-repo-template/labs/lab-07/build/Tests/TryCompile/CMakeFiles/CMakeTmp/src.c
/home/eli/documents/oss-repo-template/labs/lab-07/build/Tests/TryCompile/CMakeFiles/CMakeTmp/src.c:1:1: error: unknown type name ‘I’
    1 | I don't build
      | ^
/home/eli/documents/oss-repo-template/labs/lab-07/build/Tests/TryCompile/CMakeFiles/CMakeTmp/src.c:1:6: warning: missing terminating ' character
    1 | I don't build
      |      ^
/home/eli/documents/oss-repo-template/labs/lab-07/build/Tests/TryCompile/CMakeFiles/CMakeTmp/src.c:1:6: error: missing terminating ' character
    1 | I don't build
      |      ^~~~~~~~
/home/eli/documents/oss-repo-template/labs/lab-07/build/Tests/TryCompile/CMakeFiles/CMakeTmp/src.c:1:1: error: expected ‘=’, ‘,’, ‘;’, ‘asm’ or ‘__attribute__’ at end of input
    1 | I don't build
      | ^
make[1]: *** [CMakeFiles/cmTC_57bd7.dir/build.make:78: CMakeFiles/cmTC_57bd7.dir/src.c.o] Error 1
make[1]: Leaving directory '/home/eli/documents/oss-repo-template/labs/lab-07/build/Tests/TryCompile/CMakeFiles/CMakeTmp'
make: *** [Makefile:127: cmTC_57bd7/fast] Error 2


Source file was:
I don't build
Performing C SOURCE FILE Test C_RUN_SHOULD_FAIL failed with the following compile output:
Change Dir: /home/eli/documents/oss-repo-template/labs/lab-07/build/Tests/TryCompile/CMakeFiles/CMakeTmp

Run Build Command(s):/usr/bin/make -f Makefile cmTC_f8c97/fast && /usr/bin/make  -f CMakeFiles/cmTC_f8c97.dir/build.make CMakeFiles/cmTC_f8c97.dir/build
make[1]: Entering directory '/home/eli/documents/oss-repo-template/labs/lab-07/build/Tests/TryCompile/CMakeFiles/CMakeTmp'
Building C object CMakeFiles/cmTC_f8c97.dir/src.c.o
/usr/bin/cc -DC_RUN_SHOULD_FAIL   -o CMakeFiles/cmTC_f8c97.dir/src.c.o -c /home/eli/documents/oss-repo-template/labs/lab-07/build/Tests/TryCompile/CMakeFiles/CMakeTmp/src.c
Linking C executable cmTC_f8c97
/home/eli/documents/oss-repo-template/labs/lab-07/build/bin/cmake -E cmake_link_script CMakeFiles/cmTC_f8c97.dir/link.txt --verbose=1
/usr/bin/cc -rdynamic CMakeFiles/cmTC_f8c97.dir/src.c.o -o cmTC_f8c97 
make[1]: Leaving directory '/home/eli/documents/oss-repo-template/labs/lab-07/build/Tests/TryCompile/CMakeFiles/CMakeTmp'


...and run output:

Return value: 1
Source file was:
int main() {return 1;}
Performing C++ SOURCE FILE Test CXX_BUILD_SHOULD_FAIL failed with the following output:
Change Dir: /home/eli/documents/oss-repo-template/labs/lab-07/build/Tests/TryCompile/CMakeFiles/CMakeTmp

Run Build Command(s):/usr/bin/make -f Makefile cmTC_6daa4/fast && /usr/bin/make  -f CMakeFiles/cmTC_6daa4.dir/build.make CMakeFiles/cmTC_6daa4.dir/build
make[1]: Entering directory '/home/eli/documents/oss-repo-template/labs/lab-07/build/Tests/TryCompile/CMakeFiles/CMakeTmp'
Building CXX object CMakeFiles/cmTC_6daa4.dir/src.cxx.o
/usr/bin/c++ -DCXX_BUILD_SHOULD_FAIL   -o CMakeFiles/cmTC_6daa4.dir/src.cxx.o -c /home/eli/documents/oss-repo-template/labs/lab-07/build/Tests/TryCompile/CMakeFiles/CMakeTmp/src.cxx
/home/eli/documents/oss-repo-template/labs/lab-07/build/Tests/TryCompile/CMakeFiles/CMakeTmp/src.cxx:1:6: warning: missing terminating ' character
    1 | I don't build
      |      ^
/home/eli/documents/oss-repo-template/labs/lab-07/build/Tests/TryCompile/CMakeFiles/CMakeTmp/src.cxx:1:6: error: missing terminating ' character
    1 | I don't build
      |      ^~~~~~~~
/home/eli/documents/oss-repo-template/labs/lab-07/build/Tests/TryCompile/CMakeFiles/CMakeTmp/src.cxx:1:1: error: ‘I’ does not name a type
    1 | I don't build
      | ^
make[1]: *** [CMakeFiles/cmTC_6daa4.dir/build.make:78: CMakeFiles/cmTC_6daa4.dir/src.cxx.o] Error 1
make[1]: Leaving directory '/home/eli/documents/oss-repo-template/labs/lab-07/build/Tests/TryCompile/CMakeFiles/CMakeTmp'
make: *** [Makefile:127: cmTC_6daa4/fast] Error 2


Source file was:
I don't build
Performing C++ SOURCE FILE Test CXX_RUN_SHOULD_FAIL failed with the following compile output:
Change Dir: /home/eli/documents/oss-repo-template/labs/lab-07/build/Tests/TryCompile/CMakeFiles/CMakeTmp

Run Build Command(s):/usr/bin/make -f Makefile cmTC_348e1/fast && /usr/bin/make  -f CMakeFiles/cmTC_348e1.dir/build.make CMakeFiles/cmTC_348e1.dir/build
make[1]: Entering directory '/home/eli/documents/oss-repo-template/labs/lab-07/build/Tests/TryCompile/CMakeFiles/CMakeTmp'
Building CXX object CMakeFiles/cmTC_348e1.dir/src.cxx.o
/usr/bin/c++ -DCXX_RUN_SHOULD_FAIL   -o CMakeFiles/cmTC_348e1.dir/src.cxx.o -c /home/eli/documents/oss-repo-template/labs/lab-07/build/Tests/TryCompile/CMakeFiles/CMakeTmp/src.cxx
Linking CXX executable cmTC_348e1
/home/eli/documents/oss-repo-template/labs/lab-07/build/bin/cmake -E cmake_link_script CMakeFiles/cmTC_348e1.dir/link.txt --verbose=1
/usr/bin/c++ -rdynamic CMakeFiles/cmTC_348e1.dir/src.cxx.o -o cmTC_348e1 
make[1]: Leaving directory '/home/eli/documents/oss-repo-template/labs/lab-07/build/Tests/TryCompile/CMakeFiles/CMakeTmp'


...and run output:

Return value: 2
Source file was:
int main() {return 2;}
Performing C SOURCE FILE Test C_BOGUS_FLAG failed with the following output:
Change Dir: /home/eli/documents/oss-repo-template/labs/lab-07/build/Tests/TryCompile/CMakeFiles/CMakeTmp

Run Build Command(s):/usr/bin/make -f Makefile cmTC_d2f83/fast && /usr/bin/make  -f CMakeFiles/cmTC_d2f83.dir/build.make CMakeFiles/cmTC_d2f83.dir/build
make[1]: Entering directory '/home/eli/documents/oss-repo-template/labs/lab-07/build/Tests/TryCompile/CMakeFiles/CMakeTmp'
Building C object CMakeFiles/cmTC_d2f83.dir/src.c.o
/usr/bin/cc -DC_BOGUS_FLAG  ---_this_is_not_a_flag_ -o CMakeFiles/cmTC_d2f83.dir/src.c.o -c /home/eli/documents/oss-repo-template/labs/lab-07/build/Tests/TryCompile/CMakeFiles/CMakeTmp/src.c
cc: error: unrecognized command-line option '---_this_is_not_a_flag_'
make[1]: *** [CMakeFiles/cmTC_d2f83.dir/build.make:78: CMakeFiles/cmTC_d2f83.dir/src.c.o] Error 1
make[1]: Leaving directory '/home/eli/documents/oss-repo-template/labs/lab-07/build/Tests/TryCompile/CMakeFiles/CMakeTmp'
make: *** [Makefile:127: cmTC_d2f83/fast] Error 2


Source file was:
int main(void) { return 0; }
Performing C++ SOURCE FILE Test CXX_BOGUS_FLAG failed with the following output:
Change Dir: /home/eli/documents/oss-repo-template/labs/lab-07/build/Tests/TryCompile/CMakeFiles/CMakeTmp

Run Build Command(s):/usr/bin/make -f Makefile cmTC_caba6/fast && /usr/bin/make  -f CMakeFiles/cmTC_caba6.dir/build.make CMakeFiles/cmTC_caba6.dir/build
make[1]: Entering directory '/home/eli/documents/oss-repo-template/labs/lab-07/build/Tests/TryCompile/CMakeFiles/CMakeTmp'
Building CXX object CMakeFiles/cmTC_caba6.dir/src.cxx.o
/usr/bin/c++ -DCXX_BOGUS_FLAG  ---_this_is_not_a_flag_ -o CMakeFiles/cmTC_caba6.dir/src.cxx.o -c /home/eli/documents/oss-repo-template/labs/lab-07/build/Tests/TryCompile/CMakeFiles/CMakeTmp/src.cxx
c++: error: unrecognized command-line option '---_this_is_not_a_flag_'
make[1]: *** [CMakeFiles/cmTC_caba6.dir/build.make:78: CMakeFiles/cmTC_caba6.dir/src.cxx.o] Error 1
make[1]: Leaving directory '/home/eli/documents/oss-repo-template/labs/lab-07/build/Tests/TryCompile/CMakeFiles/CMakeTmp'
make: *** [Makefile:127: cmTC_caba6/fast] Error 2


Source file was:
int main() { return 0; }
Performing C SOURCE FILE Test C_BOGUS_FLAG failed with the following output:
Change Dir: /home/eli/documents/oss-repo-template/labs/lab-07/build/Tests/TryCompile/CMakeFiles/CMakeTmp

Run Build Command(s):/usr/bin/make -f Makefile cmTC_91b97/fast && /usr/bin/make  -f CMakeFiles/cmTC_91b97.dir/build.make CMakeFiles/cmTC_91b97.dir/build
make[1]: Entering directory '/home/eli/documents/oss-repo-template/labs/lab-07/build/Tests/TryCompile/CMakeFiles/CMakeTmp'
Building C object CMakeFiles/cmTC_91b97.dir/src.c.o
/usr/bin/cc -DC_BOGUS_FLAG  ---_this_is_not_a_flag_ -o CMakeFiles/cmTC_91b97.dir/src.c.o -c /home/eli/documents/oss-repo-template/labs/lab-07/build/Tests/TryCompile/CMakeFiles/CMakeTmp/src.c
cc: error: unrecognized command-line option '---_this_is_not_a_flag_'
make[1]: *** [CMakeFiles/cmTC_91b97.dir/build.make:78: CMakeFiles/cmTC_91b97.dir/src.c.o] Error 1
make[1]: Leaving directory '/home/eli/documents/oss-repo-template/labs/lab-07/build/Tests/TryCompile/CMakeFiles/CMakeTmp'
make: *** [Makefile:127: cmTC_91b97/fast] Error 2


Source file was:
int main(void) { return 0; }
Performing C++ SOURCE FILE Test CXX_BOGUS_FLAG failed with the following output:
Change Dir: /home/eli/documents/oss-repo-template/labs/lab-07/build/Tests/TryCompile/CMakeFiles/CMakeTmp

Run Build Command(s):/usr/bin/make -f Makefile cmTC_a7aaa/fast && /usr/bin/make  -f CMakeFiles/cmTC_a7aaa.dir/build.make CMakeFiles/cmTC_a7aaa.dir/build
make[1]: Entering directory '/home/eli/documents/oss-repo-template/labs/lab-07/build/Tests/TryCompile/CMakeFiles/CMakeTmp'
Building CXX object CMakeFiles/cmTC_a7aaa.dir/src.cxx.o
/usr/bin/c++ -DCXX_BOGUS_FLAG  ---_this_is_not_a_flag_ -o CMakeFiles/cmTC_a7aaa.dir/src.cxx.o -c /home/eli/documents/oss-repo-template/labs/lab-07/build/Tests/TryCompile/CMakeFiles/CMakeTmp/src.cxx
c++: error: unrecognized command-line option '---_this_is_not_a_flag_'
make[1]: *** [CMakeFiles/cmTC_a7aaa.dir/build.make:78: CMakeFiles/cmTC_a7aaa.dir/src.cxx.o] Error 1
make[1]: Leaving directory '/home/eli/documents/oss-repo-template/labs/lab-07/build/Tests/TryCompile/CMakeFiles/CMakeTmp'
make: *** [Makefile:127: cmTC_a7aaa/fast] Error 2


Source file was:
int main() { return 0; }
Performing C SOURCE FILE Test C_BOGUS_FLAG failed with the following output:
Change Dir: /home/eli/documents/oss-repo-template/labs/lab-07/build/Tests/TryCompile/CMakeFiles/CMakeTmp

Run Build Command(s):/usr/bin/make -f Makefile cmTC_56bf1/fast && /usr/bin/make  -f CMakeFiles/cmTC_56bf1.dir/build.make CMakeFiles/cmTC_56bf1.dir/build
make[1]: Entering directory '/home/eli/documents/oss-repo-template/labs/lab-07/build/Tests/TryCompile/CMakeFiles/CMakeTmp'
Building C object CMakeFiles/cmTC_56bf1.dir/src.c.o
/usr/bin/cc -DC_BOGUS_FLAG  ---_this_is_not_a_flag_ -o CMakeFiles/cmTC_56bf1.dir/src.c.o -c /home/eli/documents/oss-repo-template/labs/lab-07/build/Tests/TryCompile/CMakeFiles/CMakeTmp/src.c
cc: error: unrecognized command-line option '---_this_is_not_a_flag_'
make[1]: *** [CMakeFiles/cmTC_56bf1.dir/build.make:78: CMakeFiles/cmTC_56bf1.dir/src.c.o] Error 1
make[1]: Leaving directory '/home/eli/documents/oss-repo-template/labs/lab-07/build/Tests/TryCompile/CMakeFiles/CMakeTmp'
make: *** [Makefile:127: cmTC_56bf1/fast] Error 2


Source file was:
int main(void) { return 0; }
Performing C++ SOURCE FILE Test CXX_BOGUS_FLAG failed with the following output:
Change Dir: /home/eli/documents/oss-repo-template/labs/lab-07/build/Tests/TryCompile/CMakeFiles/CMakeTmp

Run Build Command(s):/usr/bin/make -f Makefile cmTC_07cbd/fast && /usr/bin/make  -f CMakeFiles/cmTC_07cbd.dir/build.make CMakeFiles/cmTC_07cbd.dir/build
make[1]: Entering directory '/home/eli/documents/oss-repo-template/labs/lab-07/build/Tests/TryCompile/CMakeFiles/CMakeTmp'
Building CXX object CMakeFiles/cmTC_07cbd.dir/src.cxx.o
/usr/bin/c++ -DCXX_BOGUS_FLAG  ---_this_is_not_a_flag_ -o CMakeFiles/cmTC_07cbd.dir/src.cxx.o -c /home/eli/documents/oss-repo-template/labs/lab-07/build/Tests/TryCompile/CMakeFiles/CMakeTmp/src.cxx
c++: error: unrecognized command-line option '---_this_is_not_a_flag_'
make[1]: *** [CMakeFiles/cmTC_07cbd.dir/build.make:78: CMakeFiles/cmTC_07cbd.dir/src.cxx.o] Error 1
make[1]: Leaving directory '/home/eli/documents/oss-repo-template/labs/lab-07/build/Tests/TryCompile/CMakeFiles/CMakeTmp'
make: *** [Makefile:127: cmTC_07cbd/fast] Error 2


Source file was:
int main() { return 0; }
Performing C SOURCE FILE Test C_BOGUS_FLAG failed with the following output:
Change Dir: /home/eli/documents/oss-repo-template/labs/lab-07/build/Tests/TryCompile/CMakeFiles/CMakeTmp

Run Build Command(s):/usr/bin/make -f Makefile cmTC_89863/fast && /usr/bin/make  -f CMakeFiles/cmTC_89863.dir/build.make CMakeFiles/cmTC_89863.dir/build
make[1]: Entering directory '/home/eli/documents/oss-repo-template/labs/lab-07/build/Tests/TryCompile/CMakeFiles/CMakeTmp'
Building C object CMakeFiles/cmTC_89863.dir/src.c.o
/usr/bin/cc -DC_BOGUS_FLAG  ---_this_is_not_a_flag_ -o CMakeFiles/cmTC_89863.dir/src.c.o -c /home/eli/documents/oss-repo-template/labs/lab-07/build/Tests/TryCompile/CMakeFiles/CMakeTmp/src.c
cc: error: unrecognized command-line option '---_this_is_not_a_flag_'
make[1]: *** [CMakeFiles/cmTC_89863.dir/build.make:78: CMakeFiles/cmTC_89863.dir/src.c.o] Error 1
make[1]: Leaving directory '/home/eli/documents/oss-repo-template/labs/lab-07/build/Tests/TryCompile/CMakeFiles/CMakeTmp'
make: *** [Makefile:127: cmTC_89863/fast] Error 2


Source file was:
int main(void) { return 0; }
Performing C++ SOURCE FILE Test CXX_BOGUS_FLAG failed with the following output:
Change Dir: /home/eli/documents/oss-repo-template/labs/lab-07/build/Tests/TryCompile/CMakeFiles/CMakeTmp

Run Build Command(s):/usr/bin/make -f Makefile cmTC_f365b/fast && /usr/bin/make  -f CMakeFiles/cmTC_f365b.dir/build.make CMakeFiles/cmTC_f365b.dir/build
make[1]: Entering directory '/home/eli/documents/oss-repo-template/labs/lab-07/build/Tests/TryCompile/CMakeFiles/CMakeTmp'
Building CXX object CMakeFiles/cmTC_f365b.dir/src.cxx.o
/usr/bin/c++ -DCXX_BOGUS_FLAG  ---_this_is_not_a_flag_ -o CMakeFiles/cmTC_f365b.dir/src.cxx.o -c /home/eli/documents/oss-repo-template/labs/lab-07/build/Tests/TryCompile/CMakeFiles/CMakeTmp/src.cxx
c++: error: unrecognized command-line option '---_this_is_not_a_flag_'
make[1]: *** [CMakeFiles/cmTC_f365b.dir/build.make:78: CMakeFiles/cmTC_f365b.dir/src.cxx.o] Error 1
make[1]: Leaving directory '/home/eli/documents/oss-repo-template/labs/lab-07/build/Tests/TryCompile/CMakeFiles/CMakeTmp'
make: *** [Makefile:127: cmTC_f365b/fast] Error 2


Source file was:
int main() { return 0; }
Performing C SOURCE FILE Test C_BOGUS_FLAG failed with the following output:
Change Dir: /home/eli/documents/oss-repo-template/labs/lab-07/build/Tests/TryCompile/CMakeFiles/CMakeTmp

Run Build Command(s):/usr/bin/make -f Makefile cmTC_b9c44/fast && /usr/bin/make  -f CMakeFiles/cmTC_b9c44.dir/build.make CMakeFiles/cmTC_b9c44.dir/build
make[1]: Entering directory '/home/eli/documents/oss-repo-template/labs/lab-07/build/Tests/TryCompile/CMakeFiles/CMakeTmp'
Building C object CMakeFiles/cmTC_b9c44.dir/src.c.o
/usr/bin/cc -DC_BOGUS_FLAG  ---_this_is_not_a_flag_ -o CMakeFiles/cmTC_b9c44.dir/src.c.o -c /home/eli/documents/oss-repo-template/labs/lab-07/build/Tests/TryCompile/CMakeFiles/CMakeTmp/src.c
cc: error: unrecognized command-line option '---_this_is_not_a_flag_'
make[1]: *** [CMakeFiles/cmTC_b9c44.dir/build.make:78: CMakeFiles/cmTC_b9c44.dir/src.c.o] Error 1
make[1]: Leaving directory '/home/eli/documents/oss-repo-template/labs/lab-07/build/Tests/TryCompile/CMakeFiles/CMakeTmp'
make: *** [Makefile:127: cmTC_b9c44/fast] Error 2


Source file was:
int main(void) { return 0; }
Performing C++ SOURCE FILE Test CXX_BOGUS_FLAG failed with the following output:
Change Dir: /home/eli/documents/oss-repo-template/labs/lab-07/build/Tests/TryCompile/CMakeFiles/CMakeTmp

Run Build Command(s):/usr/bin/make -f Makefile cmTC_14658/fast && /usr/bin/make  -f CMakeFiles/cmTC_14658.dir/build.make CMakeFiles/cmTC_14658.dir/build
make[1]: Entering directory '/home/eli/documents/oss-repo-template/labs/lab-07/build/Tests/TryCompile/CMakeFiles/CMakeTmp'
Building CXX object CMakeFiles/cmTC_14658.dir/src.cxx.o
/usr/bin/c++ -DCXX_BOGUS_FLAG  ---_this_is_not_a_flag_ -o CMakeFiles/cmTC_14658.dir/src.cxx.o -c /home/eli/documents/oss-repo-template/labs/lab-07/build/Tests/TryCompile/CMakeFiles/CMakeTmp/src.cxx
c++: error: unrecognized command-line option '---_this_is_not_a_flag_'
make[1]: *** [CMakeFiles/cmTC_14658.dir/build.make:78: CMakeFiles/cmTC_14658.dir/src.cxx.o] Error 1
make[1]: Leaving directory '/home/eli/documents/oss-repo-template/labs/lab-07/build/Tests/TryCompile/CMakeFiles/CMakeTmp'
make: *** [Makefile:127: cmTC_14658/fast] Error 2


Source file was:
int main() { return 0; }
Performing C SOURCE FILE Test C_BOGUS_FLAG failed with the following output:
Change Dir: /home/eli/documents/oss-repo-template/labs/lab-07/build/Tests/TryCompile/CMakeFiles/CMakeTmp

Run Build Command(s):/usr/bin/make -f Makefile cmTC_9a75c/fast && /usr/bin/make  -f CMakeFiles/cmTC_9a75c.dir/build.make CMakeFiles/cmTC_9a75c.dir/build
make[1]: Entering directory '/home/eli/documents/oss-repo-template/labs/lab-07/build/Tests/TryCompile/CMakeFiles/CMakeTmp'
Building C object CMakeFiles/cmTC_9a75c.dir/src.c.o
/usr/bin/cc -DC_BOGUS_FLAG  ---_this_is_not_a_flag_ -o CMakeFiles/cmTC_9a75c.dir/src.c.o -c /home/eli/documents/oss-repo-template/labs/lab-07/build/Tests/TryCompile/CMakeFiles/CMakeTmp/src.c
cc: error: unrecognized command-line option '---_this_is_not_a_flag_'
make[1]: *** [CMakeFiles/cmTC_9a75c.dir/build.make:78: CMakeFiles/cmTC_9a75c.dir/src.c.o] Error 1
make[1]: Leaving directory '/home/eli/documents/oss-repo-template/labs/lab-07/build/Tests/TryCompile/CMakeFiles/CMakeTmp'
make: *** [Makefile:127: cmTC_9a75c/fast] Error 2


Source file was:
int main(void) { return 0; }
Performing C++ SOURCE FILE Test CXX_BOGUS_FLAG failed with the following output:
Change Dir: /home/eli/documents/oss-repo-template/labs/lab-07/build/Tests/TryCompile/CMakeFiles/CMakeTmp

Run Build Command(s):/usr/bin/make -f Makefile cmTC_c9d2c/fast && /usr/bin/make  -f CMakeFiles/cmTC_c9d2c.dir/build.make CMakeFiles/cmTC_c9d2c.dir/build
make[1]: Entering directory '/home/eli/documents/oss-repo-template/labs/lab-07/build/Tests/TryCompile/CMakeFiles/CMakeTmp'
Building CXX object CMakeFiles/cmTC_c9d2c.dir/src.cxx.o
/usr/bin/c++ -DCXX_BOGUS_FLAG  ---_this_is_not_a_flag_ -o CMakeFiles/cmTC_c9d2c.dir/src.cxx.o -c /home/eli/documents/oss-repo-template/labs/lab-07/build/Tests/TryCompile/CMakeFiles/CMakeTmp/src.cxx
c++: error: unrecognized command-line option '---_this_is_not_a_flag_'
make[1]: *** [CMakeFiles/cmTC_c9d2c.dir/build.make:78: CMakeFiles/cmTC_c9d2c.dir/src.cxx.o] Error 1
make[1]: Leaving directory '/home/eli/documents/oss-repo-template/labs/lab-07/build/Tests/TryCompile/CMakeFiles/CMakeTmp'
make: *** [Makefile:127: cmTC_c9d2c/fast] Error 2


Source file was:
int main() { return 0; }
